0 info it worked if it ends with ok
1 verbose cli [ '/Users/aksonov/.nvm/versions/io.js/v2.5.0/bin/iojs',
1 verbose cli   '/Users/aksonov/.nvm/versions/io.js/v2.5.0/bin/npm',
1 verbose cli   'publish' ]
2 info using npm@2.13.2
3 info using node@v2.5.0
4 verbose publish [ '.' ]
5 silly cache add args [ '.', null ]
6 verbose cache add spec .
7 silly cache add parsed spec { raw: '.',
7 silly cache add   scope: null,
7 silly cache add   name: null,
7 silly cache add   rawSpec: '.',
7 silly cache add   spec: '/Users/aksonov/Documents/react-native-svg-elements',
7 silly cache add   type: 'directory' }
8 verbose addLocalDirectory /Users/aksonov/.npm/react-native-svg-elements/0.0.12/package.tgz not in flight; packing
9 verbose tar pack [ '/Users/aksonov/.npm/react-native-svg-elements/0.0.12/package.tgz',
9 verbose tar pack   '/Users/aksonov/Documents/react-native-svg-elements' ]
10 verbose tarball /Users/aksonov/.npm/react-native-svg-elements/0.0.12/package.tgz
11 verbose folder /Users/aksonov/Documents/react-native-svg-elements
12 info prepublish react-native-svg-elements@0.0.12
13 verbose addLocalTarball adding from inside cache /Users/aksonov/.npm/react-native-svg-elements/0.0.12/package.tgz
14 silly cache afterAdd react-native-svg-elements@0.0.12
15 verbose afterAdd /Users/aksonov/.npm/react-native-svg-elements/0.0.12/package/package.json not in flight; writing
16 verbose afterAdd /Users/aksonov/.npm/react-native-svg-elements/0.0.12/package/package.json written
17 silly publish { name: 'react-native-svg-elements',
17 silly publish   version: '0.0.12',
17 silly publish   description: 'ReactNative SVG elements using SVGgh library',
17 silly publish   main: 'index.js',
17 silly publish   scripts: { test: 'echo "Error: no test specified" && exit 1' },
17 silly publish   repository:
17 silly publish    { type: 'git',
17 silly publish      url: 'git+https://github.com/aksonov/react-native-svg-elements.git' },
17 silly publish   keywords: [ 'react-native', 'SVG', 'SVGgh' ],
17 silly publish   author:
17 silly publish    { name: 'Pavlo Aksonov',
17 silly publish      email: 'akso.nov@gmail.com',
17 silly publish      url: 'http://aksonov.com' },
17 silly publish   license: 'ISC',
17 silly publish   bugs: { url: 'https://github.com/aksonov/react-native-svg-elements/issues' },
17 silly publish   homepage: 'https://github.com/aksonov/react-native-svg-elements#readme',
17 silly publish   readme: '# React Native SVG Elements\nUse React Native to draw SVG Elements.\n\n## Supported SVG Elements\n- Path\n- Use\n- Defs\n- Mask\n- LinearGradient\n- G\n\n##Example\nDraw Sine function\n```js\n\'use strict\';\n\nfunction drawSine(t) {\n  var path = `M ${0} ${Math.sin(t) * 100 + 120}`;\n  var x, y;\n\n  for (var i = 0; i <= 10; i += 0.5) {\n    x = i * 50;\n    y = Math.sin(t + x) * 100 + 120;\n    path = path + ` L ${x} ${y}`\n  }\n\n  return path;\n}\n\n\nvar React = require(\'react-native\');\nvar {\n  StyleSheet,\n  Text,\n  View,\n} = React;\n\nvar {Svg, Path} = require(\'react-native-svg-elements\');\nvar TimerMixin = require(\'react-timer-mixin\');\n\nvar Wave = React.createClass({\n  mixins: [TimerMixin],\n\n  getInitialState() {\n    return {t: 0}\n  },\n\n  componentDidMount() {\n    this.setInterval(this.updateTime, 16);\n  },\n\n  updateTime() {\n    this.setState({t: this.state.t + 0.05});\n  },\n\n  render() {\n    return (\n      <View style={{flex: 1, backgroundColor: \'black\', justifyContent: \'center\', alignItems: \'center\'}}>\n        <Svg width={500} height={500} style={{width: 320, height: 350}}\n             forceUpdate={this.state.t.toString()}>\n          <Path fill="none" stroke="#00D8FF" strokeWidth="3" strokeMiterlimit="10"\n                d={drawSine(this.state.t)} />\n        </Svg>\n      </View>\n    );\n  }\n});\n\n```\n\n## Getting started\n1. `npm install react-native-svg-elements --save`\n2. In XCode, in the project navigator, right click `Libraries` ➜ `Add Files to [your project\'s name]`\n3. add `./node_modules/react-native-svg-elements/RCTSvg.xcodeproj`\n4. In the XCode project navigator, select your project, select the `Build Phases` tab and in the `Link Binary With Libraries` section add **libRCTSvg.a**\n5. `var Svg = require(\'react-native-svg-elements\'); var Path = Svg.Path`\n\n## Todo\n- [ ] Support <Rect>\n- [ ] Support <Text>\n\n## Credits\nThanks to @GenerallyHelpfulSoftware for SVG rendering library (https://github.com/GenerallyHelpfulSoftware/SVGgh).\nThanks to @brentvatne for React Native SVG library (https://github.com/brentvatne/react-native-svg) examples given from.\n',
17 silly publish   readmeFilename: 'README.md',
17 silly publish   gitHead: 'b3fbadad32579009cc5626dd43b8fc44fd81577b',
17 silly publish   _id: 'react-native-svg-elements@0.0.12',
17 silly publish   _shasum: 'b5afa535b503dce14b3c6b9fa6381328f59fa76d',
17 silly publish   _from: '.' }
18 verbose getPublishConfig undefined
19 silly mapToRegistry name react-native-svg-elements
20 silly mapToRegistry using default registry
21 silly mapToRegistry registry https://registry.npmjs.org/
22 silly mapToRegistry uri https://registry.npmjs.org/react-native-svg-elements
23 verbose publish registryBase https://registry.npmjs.org/
24 silly publish uploading /Users/aksonov/.npm/react-native-svg-elements/0.0.12/package.tgz
25 verbose request uri https://registry.npmjs.org/react-native-svg-elements
26 verbose request sending authorization for write operation
27 info attempt registry request try #1 at 08:42:49
28 verbose request using bearer token for auth
29 verbose request id a1ef6eb963e87402
30 http request PUT https://registry.npmjs.org/react-native-svg-elements
31 http 403 https://registry.npmjs.org/react-native-svg-elements
32 verbose headers { 'content-type': 'application/json',
32 verbose headers   'cache-control': 'max-age=60',
32 verbose headers   'content-length': '96',
32 verbose headers   'accept-ranges': 'bytes',
32 verbose headers   date: 'Thu, 10 Sep 2015 06:42:51 GMT',
32 verbose headers   via: '1.1 varnish',
32 verbose headers   connection: 'keep-alive',
32 verbose headers   'x-served-by': 'cache-ams4146-AMS',
32 verbose headers   'x-cache': 'MISS',
32 verbose headers   'x-cache-hits': '0',
32 verbose headers   'x-timer': 'S1441867370.210895,VS0,VE1599' }
33 verbose request invalidating /Users/aksonov/.npm/registry.npmjs.org/react-native-svg-elements on PUT
34 error publish Failed PUT 403
35 verbose stack Error: "You cannot publish over the previously published version 0.0.12." : react-native-svg-elements
35 verbose stack     at CachingRegistryClient.<anonymous> (/Users/aksonov/.nvm/versions/io.js/v2.5.0/lib/node_modules/npm/node_modules/npm-registry-client/lib/request.js:247:14)
35 verbose stack     at Request._callback (/Users/aksonov/.nvm/versions/io.js/v2.5.0/lib/node_modules/npm/node_modules/npm-registry-client/lib/request.js:170:14)
35 verbose stack     at Request.self.callback (/Users/aksonov/.nvm/versions/io.js/v2.5.0/lib/node_modules/npm/node_modules/request/request.js:197:22)
35 verbose stack     at emitTwo (events.js:87:13)
35 verbose stack     at Request.emit (events.js:172:7)
35 verbose stack     at Request.<anonymous> (/Users/aksonov/.nvm/versions/io.js/v2.5.0/lib/node_modules/npm/node_modules/request/request.js:1050:14)
35 verbose stack     at emitOne (events.js:82:20)
35 verbose stack     at Request.emit (events.js:169:7)
35 verbose stack     at IncomingMessage.<anonymous> (/Users/aksonov/.nvm/versions/io.js/v2.5.0/lib/node_modules/npm/node_modules/request/request.js:996:12)
35 verbose stack     at emitNone (events.js:72:20)
36 verbose statusCode 403
37 verbose pkgid react-native-svg-elements
38 verbose cwd /Users/aksonov/Documents/react-native-svg-elements
39 error Darwin 14.5.0
40 error argv "/Users/aksonov/.nvm/versions/io.js/v2.5.0/bin/iojs" "/Users/aksonov/.nvm/versions/io.js/v2.5.0/bin/npm" "publish"
41 error node v2.5.0
42 error npm  v2.13.2
43 error code E403
44 error "You cannot publish over the previously published version 0.0.12." : react-native-svg-elements
45 error If you need help, you may report this error at:
45 error     <https://github.com/npm/npm/issues>
46 verbose exit [ 1, true ]
